<?xml version="1.0" encoding="UTF-8"?>
<!-- Generated by org.testng.reporters.JUnitXMLReporter -->
<testsuite ignored="1" hostname="DESKTOP-VNQKMTA" failures="0" tests="1" name="ChromeTest" time="39.04" errors="0" timestamp="2025-04-01T10:44:16 IST">
  <testcase classname="maintestscript.NewCateGoryPageTest" name="verifyThatUserCanEnterValuesInAllfieldsOfCategory" time="23.056"/>
  <testcase classname="maintestscript.NewCateGoryPageTest" name="verifyNewCategoryButtonIsWorking" time="0.0">
    <ignored/>
  </testcase> <!-- verifyNewCategoryButtonIsWorking -->
</testsuite> <!-- ChromeTest -->
