<?xml version="1.0" encoding="UTF-8"?>
<!-- Generated by org.testng.reporters.JUnitXMLReporter -->
<testsuite ignored="3" hostname="DESKTOP-VNQKMTA" failures="1" tests="1" name="EdgeTest" time="15.864" errors="0" timestamp="2025-03-27T11:01:43 IST">
  <testcase classname="maintestscript.MainLoginPageTest" name="verifyUserCanLoginWithValidUsernameAndInvalidPassword" time="1.128">
    <failure type="java.lang.AssertionError" message="LoginPage not loaded expected [Dashboard | 7rmart supermarket] but found [Login | 7rmart supermarket]">
      <![CDATA[java.lang.AssertionError: LoginPage not loaded expected [Dashboard | 7rmart supermarket] but found [Login | 7rmart supermarket]
at maintestscript.MainLoginPageTest.verifyUserCanLoginWithValidUsernameAndInvalidPassword(MainLoginPageTest.java:36)
at java.base/java.util.ArrayList.forEach(ArrayList.java:1596)
... Removed 30 stack frames]]>
    </failure>
  </testcase> <!-- verifyUserCanLoginWithValidUsernameAndInvalidPassword -->
  <testcase classname="maintestscript.MainLoginPageTest" name="verifyUserCanLoginWithInvalidUsernameAndValidPassword" time="0.0">
    <ignored/>
  </testcase> <!-- verifyUserCanLoginWithInvalidUsernameAndValidPassword -->
  <testcase classname="maintestscript.MainLoginPageTest" name="verifyUserCanLoginWithInvalidUsernameAndInvalidPassword" time="0.0">
    <ignored/>
  </testcase> <!-- verifyUserCanLoginWithInvalidUsernameAndInvalidPassword -->
  <testcase classname="maintestscript.MainLoginPageTest" name="verifyUserCanLoginWithValidCredientials" time="0.0">
    <ignored/>
  </testcase> <!-- verifyUserCanLoginWithValidCredientials -->
</testsuite> <!-- EdgeTest -->
