<?xml version="1.0" encoding="UTF-8"?>
<!-- Generated by org.testng.reporters.JUnitXMLReporter -->
<testsuite ignored="0" hostname="DESKTOP-VNQKMTA" failures="0" tests="2" name="parameterTest" time="25.977" errors="0" timestamp="2025-03-28T11:22:30 IST">
  <testcase classname="maintestscript.SearchAdminUserPageTest" name="verifySearchButtondisplayedInAdminUsersPageIsWorking" time="5.068"/>
  <testcase classname="maintestscript.SearchAdminUserPageTest" name="verifyUserCansearchUserDetails" time="5.325"/>
</testsuite> <!-- parameterTest -->
