<?xml version="1.0" encoding="UTF-8"?>
<!-- Generated by org.testng.reporters.JUnitXMLReporter -->
<testsuite ignored="3" hostname="DESKTOP-VNQKMTA" failures="1" tests="1" name="EdgeTest" time="30.759" errors="0" timestamp="2025-04-03T10:21:36 IST">
  <testcase classname="maintestscript.MainLoginPageTest" name="verifyUserCanLoginWithValidUsernameAndInvalidPassword" time="2.193">
    <failure type="java.lang.AssertionError" message="LoginPage not loaded expected [Dashboard | 7rmart supermarket] but found [Login | 7rmart supermarket]">
      <![CDATA[java.lang.AssertionError: LoginPage not loaded expected [Dashboard | 7rmart supermarket] but found [Login | 7rmart supermarket]
at maintestscript.MainLoginPageTest.verifyUserCanLoginWithValidUsernameAndInvalidPassword(MainLoginPageTest.java:36)
at java.base/java.util.ArrayList.forEach(ArrayList.java:1596)
at java.base/java.util.concurrent.FutureTask.run(FutureTask.java:317)
at java.base/java.util.concurrent.ThreadPoolExecutor.runWorker(ThreadPoolExecutor.java:1144)
at java.base/java.util.concurrent.ThreadPoolExecutor$Worker.run(ThreadPoolExecutor.java:642)
at java.base/java.lang.Thread.run(Thread.java:1583)
... Removed 20 stack frames]]>
    </failure>
  </testcase> <!-- verifyUserCanLoginWithValidUsernameAndInvalidPassword -->
  <testcase classname="maintestscript.MainLoginPageTest" name="verifyUserCanLoginWithInvalidUsernameAndInvalidPassword" time="0.0">
    <ignored/>
  </testcase> <!-- verifyUserCanLoginWithInvalidUsernameAndInvalidPassword -->
  <testcase classname="maintestscript.MainLoginPageTest" name="verifyUserCanLoginWithValidCredientials" time="0.0">
    <ignored/>
  </testcase> <!-- verifyUserCanLoginWithValidCredientials -->
  <testcase classname="maintestscript.MainLoginPageTest" name="verifyUserCanLoginWithInvalidUsernameAndValidPassword" time="0.0">
    <ignored/>
  </testcase> <!-- verifyUserCanLoginWithInvalidUsernameAndValidPassword -->
</testsuite> <!-- EdgeTest -->
